<?xml version="1.0" encoding="UTF-8"?>
<!-- Generated by org.testng.reporters.JUnitReportReporter -->
<testsuite hostname="DESKTOP-PN8R175" failures="0" tests="5" name="Cosmo.Cosmo_coding" time="4.816" errors="0" timestamp="2022-03-29T20:23:36 EDT" skipped="0">
  <testcase classname="Cosmo.Cosmo_coding" name="name_fill" time="0.753"/>
  <system-out/>
  <testcase classname="Cosmo.Cosmo_coding" name="radio_button" time="0.550"/>
  <system-out/>
  <testcase classname="Cosmo.Cosmo_coding" name="multiple_checkbox_all" time="0.842"/>
  <system-out/>
  <testcase classname="Cosmo.Cosmo_coding" name="single_checkbox" time="1.794"/>
  <system-out/>
  <testcase classname="Cosmo.Cosmo_coding" name="multiple_checkbox_choice" time="0.877"/>
  <system-out/>
</testsuite> <!-- Cosmo.Cosmo_coding -->
